[29-Sep-2024 17:26:23] NOTICE: fpm is running, pid 15
[29-Sep-2024 17:26:23] NOTICE: ready to handle connections
[29-Sep-2024 17:26:23] NOTICE: systemd monitor interval set to 10000ms
[29-Sep-2024 17:27:28] NOTICE: fpm is running, pid 15
[29-Sep-2024 17:27:28] NOTICE: ready to handle connections
[29-Sep-2024 17:27:28] NOTICE: systemd monitor interval set to 10000ms
[29-Sep-2024 17:28:05] NOTICE: fpm is running, pid 15
[29-Sep-2024 17:28:05] NOTICE: ready to handle connections
[29-Sep-2024 17:28:05] NOTICE: systemd monitor interval set to 10000ms
[29-Sep-2024 17:36:00] NOTICE: fpm is running, pid 15
[29-Sep-2024 17:36:00] NOTICE: ready to handle connections
[29-Sep-2024 17:36:00] NOTICE: systemd monitor interval set to 10000ms
[29-Sep-2024 17:38:41] NOTICE: fpm is running, pid 15
[29-Sep-2024 17:38:41] NOTICE: ready to handle connections
[29-Sep-2024 17:38:41] NOTICE: systemd monitor interval set to 10000ms
[29-Sep-2024 17:48:29] NOTICE: fpm is running, pid 15
[29-Sep-2024 17:48:29] NOTICE: ready to handle connections
[29-Sep-2024 17:48:29] NOTICE: systemd monitor interval set to 10000ms
[29-Sep-2024 18:01:43] NOTICE: fpm is running, pid 15
[29-Sep-2024 18:01:43] NOTICE: ready to handle connections
[29-Sep-2024 18:01:43] NOTICE: systemd monitor interval set to 10000ms
[29-Sep-2024 18:04:01] NOTICE: fpm is running, pid 15
[29-Sep-2024 18:04:01] NOTICE: ready to handle connections
[29-Sep-2024 18:04:01] NOTICE: systemd monitor interval set to 10000ms
[29-Sep-2024 18:06:55] NOTICE: fpm is running, pid 15
[29-Sep-2024 18:06:55] NOTICE: ready to handle connections
[29-Sep-2024 18:06:55] NOTICE: systemd monitor interval set to 10000ms
[29-Sep-2024 18:07:59] NOTICE: fpm is running, pid 15
[29-Sep-2024 18:07:59] NOTICE: ready to handle connections
[29-Sep-2024 18:07:59] NOTICE: systemd monitor interval set to 10000ms
[29-Sep-2024 18:09:59] NOTICE: fpm is running, pid 15
[29-Sep-2024 18:09:59] NOTICE: ready to handle connections
[29-Sep-2024 18:09:59] NOTICE: systemd monitor interval set to 10000ms
[29-Sep-2024 18:11:09] NOTICE: fpm is running, pid 15
[29-Sep-2024 18:11:09] NOTICE: ready to handle connections
[29-Sep-2024 18:11:09] NOTICE: systemd monitor interval set to 10000ms
[29-Sep-2024 18:11:38] NOTICE: fpm is running, pid 15
[29-Sep-2024 18:11:38] NOTICE: ready to handle connections
[29-Sep-2024 18:11:38] NOTICE: systemd monitor interval set to 10000ms
[29-Sep-2024 18:13:58] NOTICE: fpm is running, pid 15
[29-Sep-2024 18:13:58] NOTICE: ready to handle connections
[29-Sep-2024 18:13:58] NOTICE: systemd monitor interval set to 10000ms
[29-Sep-2024 18:17:41] NOTICE: fpm is running, pid 15
[29-Sep-2024 18:17:41] NOTICE: ready to handle connections
[29-Sep-2024 18:17:41] NOTICE: systemd monitor interval set to 10000ms
[29-Sep-2024 18:28:06] NOTICE: fpm is running, pid 15
[29-Sep-2024 18:28:06] NOTICE: ready to handle connections
[29-Sep-2024 18:28:06] NOTICE: systemd monitor interval set to 10000ms
[29-Sep-2024 18:42:22] NOTICE: fpm is running, pid 15
[29-Sep-2024 18:42:22] NOTICE: ready to handle connections
[29-Sep-2024 18:42:22] NOTICE: systemd monitor interval set to 10000ms
[29-Sep-2024 18:43:50] NOTICE: fpm is running, pid 15
[29-Sep-2024 18:43:50] NOTICE: ready to handle connections
[29-Sep-2024 18:43:50] NOTICE: systemd monitor interval set to 10000ms
[29-Sep-2024 18:51:39] NOTICE: fpm is running, pid 15
[29-Sep-2024 18:51:39] NOTICE: ready to handle connections
[29-Sep-2024 18:51:39] NOTICE: systemd monitor interval set to 10000ms
[29-Sep-2024 18:57:35] NOTICE: fpm is running, pid 15
[29-Sep-2024 18:57:35] NOTICE: ready to handle connections
[29-Sep-2024 18:57:35] NOTICE: systemd monitor interval set to 10000ms
[29-Sep-2024 19:07:30] NOTICE: fpm is running, pid 15
[29-Sep-2024 19:07:31] NOTICE: ready to handle connections
[29-Sep-2024 19:07:31] NOTICE: systemd monitor interval set to 10000ms
[29-Sep-2024 19:23:45] NOTICE: fpm is running, pid 40
[29-Sep-2024 19:23:45] NOTICE: ready to handle connections
[29-Sep-2024 19:23:45] NOTICE: systemd monitor interval set to 10000ms
[29-Sep-2024 19:27:28] NOTICE: fpm is running, pid 15
[29-Sep-2024 19:27:28] NOTICE: ready to handle connections
[29-Sep-2024 19:27:28] NOTICE: systemd monitor interval set to 10000ms
[29-Sep-2024 19:28:19] NOTICE: fpm is running, pid 43
[29-Sep-2024 19:28:19] NOTICE: ready to handle connections
[29-Sep-2024 19:28:19] NOTICE: systemd monitor interval set to 10000ms
[29-Sep-2024 19:37:03] NOTICE: fpm is running, pid 15
[29-Sep-2024 19:37:03] NOTICE: ready to handle connections
[29-Sep-2024 19:37:03] NOTICE: systemd monitor interval set to 10000ms
[29-Sep-2024 19:38:14] NOTICE: fpm is running, pid 15
[29-Sep-2024 19:38:14] NOTICE: ready to handle connections
[29-Sep-2024 19:38:14] NOTICE: systemd monitor interval set to 10000ms
[29-Sep-2024 19:40:26] NOTICE: fpm is running, pid 15
[29-Sep-2024 19:40:26] NOTICE: ready to handle connections
[29-Sep-2024 19:40:26] NOTICE: systemd monitor interval set to 10000ms
[30-Sep-2024 00:52:54] NOTICE: fpm is running, pid 15
[30-Sep-2024 00:52:54] NOTICE: ready to handle connections
[30-Sep-2024 00:52:54] NOTICE: systemd monitor interval set to 10000ms
[30-Sep-2024 01:03:34] NOTICE: fpm is running, pid 15
[30-Sep-2024 01:03:34] NOTICE: ready to handle connections
[30-Sep-2024 01:03:34] NOTICE: systemd monitor interval set to 10000ms
[30-Sep-2024 01:09:20] NOTICE: fpm is running, pid 15
[30-Sep-2024 01:09:20] NOTICE: ready to handle connections
[30-Sep-2024 01:09:20] NOTICE: systemd monitor interval set to 10000ms
[30-Sep-2024 01:14:49] NOTICE: fpm is running, pid 15
[30-Sep-2024 01:14:49] NOTICE: ready to handle connections
[30-Sep-2024 01:14:49] NOTICE: systemd monitor interval set to 10000ms
[30-Sep-2024 02:53:45] NOTICE: fpm is running, pid 15
[30-Sep-2024 02:53:45] NOTICE: ready to handle connections
[30-Sep-2024 02:53:45] NOTICE: systemd monitor interval set to 10000ms
[30-Sep-2024 03:12:25] WARNING: [pool www] child 25 said into stderr: "The environment file is invalid!"
[30-Sep-2024 03:12:25] WARNING: [pool www] child 25 said into stderr: "Failed to parse dotenv file. Encountered unexpected whitespace at [redis 6379]."
[30-Sep-2024 03:12:25] WARNING: [pool www] child 26 said into stderr: "The environment file is invalid!"
[30-Sep-2024 03:12:25] WARNING: [pool www] child 26 said into stderr: "Failed to parse dotenv file. Encountered unexpected whitespace at [redis 6379]."
[30-Sep-2024 03:12:26] WARNING: [pool www] child 27 said into stderr: "The environment file is invalid!"
[30-Sep-2024 03:12:26] WARNING: [pool www] child 27 said into stderr: "Failed to parse dotenv file. Encountered unexpected whitespace at [redis 6379]."
[30-Sep-2024 03:26:07] NOTICE: fpm is running, pid 15
[30-Sep-2024 03:26:07] NOTICE: ready to handle connections
[30-Sep-2024 03:26:07] NOTICE: systemd monitor interval set to 10000ms
[30-Sep-2024 03:55:49] NOTICE: fpm is running, pid 15
[30-Sep-2024 03:55:49] NOTICE: ready to handle connections
[30-Sep-2024 03:55:49] NOTICE: systemd monitor interval set to 10000ms
[30-Sep-2024 04:23:22] NOTICE: fpm is running, pid 15
[30-Sep-2024 04:23:22] NOTICE: ready to handle connections
[30-Sep-2024 04:23:22] NOTICE: systemd monitor interval set to 10000ms
[30-Sep-2024 04:28:29] NOTICE: fpm is running, pid 15
[30-Sep-2024 04:28:29] NOTICE: ready to handle connections
[30-Sep-2024 04:28:29] NOTICE: systemd monitor interval set to 10000ms
[30-Sep-2024 04:43:34] NOTICE: fpm is running, pid 14
[30-Sep-2024 04:43:34] NOTICE: ready to handle connections
[30-Sep-2024 04:43:34] NOTICE: systemd monitor interval set to 10000ms
[30-Sep-2024 04:47:14] NOTICE: fpm is running, pid 14
[30-Sep-2024 04:47:14] NOTICE: ready to handle connections
[30-Sep-2024 04:47:14] NOTICE: systemd monitor interval set to 10000ms
[30-Sep-2024 04:59:14] NOTICE: fpm is running, pid 15
[30-Sep-2024 04:59:14] NOTICE: ready to handle connections
[30-Sep-2024 04:59:14] NOTICE: systemd monitor interval set to 10000ms
[30-Sep-2024 05:53:10] NOTICE: fpm is running, pid 15
[30-Sep-2024 05:53:10] NOTICE: ready to handle connections
[30-Sep-2024 05:53:10] NOTICE: systemd monitor interval set to 10000ms
[30-Sep-2024 05:57:36] NOTICE: fpm is running, pid 15
[30-Sep-2024 05:57:36] NOTICE: ready to handle connections
[30-Sep-2024 05:57:36] NOTICE: systemd monitor interval set to 10000ms
[30-Sep-2024 06:01:58] NOTICE: fpm is running, pid 15
[30-Sep-2024 06:01:58] NOTICE: ready to handle connections
[30-Sep-2024 06:01:58] NOTICE: systemd monitor interval set to 10000ms
[30-Sep-2024 06:08:58] NOTICE: fpm is running, pid 15
[30-Sep-2024 06:08:58] NOTICE: ready to handle connections
[30-Sep-2024 06:08:58] NOTICE: systemd monitor interval set to 10000ms
[30-Sep-2024 06:37:50] NOTICE: fpm is running, pid 15
[30-Sep-2024 06:37:50] NOTICE: ready to handle connections
[30-Sep-2024 06:37:50] NOTICE: systemd monitor interval set to 10000ms
[30-Sep-2024 06:42:47] NOTICE: fpm is running, pid 15
[30-Sep-2024 06:42:47] NOTICE: ready to handle connections
[30-Sep-2024 06:42:47] NOTICE: systemd monitor interval set to 10000ms
